<?xml version="1.0" encoding="UTF-8"?>
<testsuite name="se.kry.codetest.TestMainVerticle" tests="1" skipped="0" failures="0" errors="0" timestamp="2020-05-04T18:03:22" hostname="Amir-Alienware" time="2.895">
  <properties/>
  <testcase name="Start a web server on localhost responding to path /service on port 8080" classname="se.kry.codetest.TestMainVerticle" time="2.895"/>
  <system-out><![CDATA[KRY code test service started
]]></system-out>
  <system-err><![CDATA[May 04, 2020 7:03:23 PM com.mchange.v2.log.MLog 
INFO: MLog clients using java 1.4+ standard logging.
May 04, 2020 7:03:23 PM com.mchange.v2.c3p0.C3P0Registry 
INFO: Initializing c3p0-0.9.5.2 [built 08-December-2015 22:06:04 -0800; debug? true; trace: 10]
]]></system-err>
</testsuite>
