<?xml version="1.0" encoding="UTF-8"?>
<testsuite name="se.kry.codetest.TestBackgroundPoller" tests="2" skipped="0" failures="0" errors="0" timestamp="2020-05-08T11:45:10" hostname="Amir-Alienware" time="3.915">
  <properties/>
  <testcase name="Poll for a single service" classname="se.kry.codetest.TestBackgroundPoller" time="2.378"/>
  <testcase name="Poll a list of services and wait for their response" classname="se.kry.codetest.TestBackgroundPoller" time="1.537"/>
  <system-out><![CDATA[Google.com request completed!
Status Code: 200
Reaching -> Google.com
Reaching -> Facebook.com
Reaching -> Amazon.com
Reaching -> Kry.se
Reaching -> LoasadasLocasdsadadadados.com
LoasadasLocasdsadadadados.com request completed!
io.netty.resolver.dns.DnsResolveContext$SearchDomainUnknownHostException: Search domain query failed. Original hostname: 'LoasadasLocasdsadadadados.com' failed to resolve 'LoasadasLocasdsadadadados.com.home'. Exceeded max queries per resolve 4 
Google.com request completed!
Status Code: 200
Facebook.com request completed!
Kry.se request completed!
Status Code: 200
Status Code: 200
Amazon.com request completed!
Status Code: 200
All calls completed
Google.com:OK
Facebook.com:OK
Amazon.com:OK
Kry.se:OK
LoasadasLocasdsadadadados.com:FAIL
]]></system-out>
  <system-err><![CDATA[]]></system-err>
</testsuite>
